This is XeTeX, Version 3.141592653-2.6-0.999993 (TeX Live 2021) (preloaded format=xelatex 2021.10.11)  25 SEP 2024 21:22
entering extended mode
 restricted \write18 enabled.
 %&-line parsing enabled.
**CV.tex
(/Users/sagar/website/research/CV/CV.tex
LaTeX2e <2020-10-01> patch level 4
L3 programming layer <2021-02-18> (/usr/local/texlive/2021/texmf-dist/tex/latex/base/article.cls
Document Class: article 2020/04/10 v1.4m Standard LaTeX document class
(/usr/local/texlive/2021/texmf-dist/tex/latex/base/size10.clo
File: size10.clo 2020/04/10 v1.4m Standard LaTeX file (size option)
)
\c@part=\count175
\c@section=\count176
\c@subsection=\count177
\c@subsubsection=\count178
\c@paragraph=\count179
\c@subparagraph=\count180
\c@figure=\count181
\c@table=\count182
\abovecaptionskip=\skip47
\belowcaptionskip=\skip48
\bibindent=\dimen138
) (/usr/local/texlive/2021/texmf-dist/tex/latex/fontspec/fontspec.sty (/usr/local/texlive/2021/texmf-dist/tex/latex/l3packages/xparse/xparse.sty (/usr/local/texlive/2021/texmf-dist/tex/latex/l3kernel/expl3.sty
Package: expl3 2021-02-18 L3 programming layer (loader) 
 (/usr/local/texlive/2021/texmf-dist/tex/latex/l3backend/l3backend-xetex.def
File: l3backend-xetex.def 2021-03-18 L3 backend support: XeTeX
 (|extractbb --version)
\c__kernel_sys_dvipdfmx_version_int=\count183
\l__color_backend_stack_int=\count184
\g__color_backend_stack_int=\count185
\g__graphics_track_int=\count186
\l__pdf_internal_box=\box47
\g__pdf_backend_object_int=\count187
\g__pdf_backend_annotation_int=\count188
\g__pdf_backend_link_int=\count189
)) (/usr/local/texlive/2021/texmf-dist/tex/latex/l3packages/xparse/xparse-2020-10-01.sty (/usr/local/texlive/2021/texmf-dist/tex/latex/l3packages/xparse/xparse-generic.tex)))
Package: fontspec 2020/02/21 v2.7i Font selection for XeLaTeX and LuaLaTeX
 (/usr/local/texlive/2021/texmf-dist/tex/latex/fontspec/fontspec-xetex.sty
Package: fontspec-xetex 2020/02/21 v2.7i Font selection for XeLaTeX and LuaLaTeX
\l__fontspec_script_int=\count190
\l__fontspec_language_int=\count191
\l__fontspec_strnum_int=\count192
\l__fontspec_tmp_int=\count193
\l__fontspec_tmpa_int=\count194
\l__fontspec_tmpb_int=\count195
\l__fontspec_tmpc_int=\count196
\l__fontspec_em_int=\count197
\l__fontspec_emdef_int=\count198
\l__fontspec_strong_int=\count199
\l__fontspec_strongdef_int=\count266
\l__fontspec_tmpa_dim=\dimen139
\l__fontspec_tmpb_dim=\dimen140
\l__fontspec_tmpc_dim=\dimen141
 (/usr/local/texlive/2021/texmf-dist/tex/latex/base/fontenc.sty
Package: fontenc 2020/08/10 v2.0s Standard LaTeX package
) (/usr/local/texlive/2021/texmf-dist/tex/latex/fontspec/fontspec.cfg))) (/usr/local/texlive/2021/texmf-dist/tex/latex/hyphenat/hyphenat.sty
Package: hyphenat 2009/09/02 v2.3c hyphenation utilities
\langwohyphens=\language87
LaTeX Info: Redefining \_ on input line 43.
) (/usr/local/texlive/2021/texmf-dist/tex/latex/lastpage/lastpage.sty
Package: lastpage 2015/03/29 v1.2m Refers to last page's name (HMM; JPG)
) (/usr/local/texlive/2021/texmf-dist/tex/latex/footmisc/footmisc.sty
Package: footmisc 2011/06/06 v5.5b a miscellany of footnote facilities
\FN@temptoken=\toks15
\footnotemargin=\dimen142
\c@pp@next@reset=\count267
Package footmisc Info: Declaring symbol style bringhurst on input line 855.
Package footmisc Info: Declaring symbol style chicago on input line 863.
Package footmisc Info: Declaring symbol style wiley on input line 872.
Package footmisc Info: Declaring symbol style lamport-robust on input line 883.
Package footmisc Info: Declaring symbol style lamport* on input line 903.
Package footmisc Info: Declaring symbol style lamport*-robust on input line 924.
) (/usr/local/texlive/2021/texmf-dist/tex/latex/geometry/geometry.sty
Package: geometry 2020/01/02 v5.9 Page Geometry
 (/usr/local/texlive/2021/texmf-dist/tex/latex/graphics/keyval.sty
Package: keyval 2014/10/28 v1.15 key=value parser (DPC)
\KV@toks@=\toks16
) (/usr/local/texlive/2021/texmf-dist/tex/generic/iftex/ifvtex.sty
Package: ifvtex 2019/10/25 v1.7 ifvtex legacy package. Use iftex instead.
 (/usr/local/texlive/2021/texmf-dist/tex/generic/iftex/iftex.sty
Package: iftex 2020/03/06 v1.0d TeX engine tests
))
\Gm@cnth=\count268
\Gm@cntv=\count269
\c@Gm@tempcnt=\count270
\Gm@bindingoffset=\dimen143
\Gm@wd@mp=\dimen144
\Gm@odd@mp=\dimen145
\Gm@even@mp=\dimen146
\Gm@layoutwidth=\dimen147
\Gm@layoutheight=\dimen148
\Gm@layouthoffset=\dimen149
\Gm@layoutvoffset=\dimen150
\Gm@dimlist=\toks17
) (/usr/local/texlive/2021/texmf-dist/tex/xelatex/xunicode/xunicode.sty
File: xunicode.sty 2011/09/09 v0.981 provides access to latin accents and many other characters in Unicode lower plane
 (/usr/local/texlive/2021/texmf-dist/tex/latex/tipa/t3enc.def
File: t3enc.def 2001/12/31 T3 encoding
)
\tipaTiiicode=\count271
\tipasavetokens=\toks18
\tipachecktokens=\toks19
 (/usr/local/texlive/2021/texmf-dist/tex/latex/graphics/graphicx.sty
Package: graphicx 2020/09/09 v1.2b Enhanced LaTeX Graphics (DPC,SPQR)
 (/usr/local/texlive/2021/texmf-dist/tex/latex/graphics/graphics.sty
Package: graphics 2020/08/30 v1.4c Standard LaTeX Graphics (DPC,SPQR)
 (/usr/local/texlive/2021/texmf-dist/tex/latex/graphics/trig.sty
Package: trig 2016/01/03 v1.10 sin cos tan (DPC)
) (/usr/local/texlive/2021/texmf-dist/tex/latex/graphics-cfg/graphics.cfg
File: graphics.cfg 2016/06/04 v1.11 sample graphics configuration
)
Package graphics Info: Driver file: xetex.def on input line 105.
 (/usr/local/texlive/2021/texmf-dist/tex/latex/graphics-def/xetex.def
File: xetex.def 2021/03/18 v5.0k Graphics/color driver for xetex
))
\Gin@req@height=\dimen151
\Gin@req@width=\dimen152
)) (/usr/local/texlive/2021/texmf-dist/tex/xelatex/xltxtra/xltxtra.sty
Package: xltxtra 2018/12/31 v0.7 Improvements for the "XeLaTeX" format
 (/usr/local/texlive/2021/texmf-dist/tex/generic/iftex/ifluatex.sty
Package: ifluatex 2019/10/25 v1.5 ifluatex legacy package. Use iftex instead.
) (/usr/local/texlive/2021/texmf-dist/tex/generic/iftex/ifxetex.sty
Package: ifxetex 2019/10/25 v0.7 ifxetex legacy package. Use iftex instead.
) (/usr/local/texlive/2021/texmf-dist/tex/latex/realscripts/realscripts.sty
Package: realscripts 2016/02/13 v0.3d Access OpenType subscripts and superscripts
\subsupersep=\dimen153
) (/usr/local/texlive/2021/texmf-dist/tex/latex/metalogo/metalogo.sty
Package: metalogo 2010/05/29 v0.12 Extended TeX logo macros
\xl@everylogo=\toks20
\xl@@everylogo=\toks21
LaTeX Info: Redefining \TeX on input line 193.
LaTeX Info: Redefining \LaTeX on input line 202.
LaTeX Info: Redefining \LaTeXe on input line 219.
)
\l__xetex_show_hyphens_wrapping_box=\box48
\l__xetex_show_hyphens_temp_box=\box49
\l__xetex_show_hyphens_final_box=\box50
\g__xetex_show_hyphens_word_box=\box51
)

Package fontspec Warning: OpenType feature 'Ligatures=Common' (liga) not
(fontspec)                available for font 'Fontin' with script
(fontspec)                'CustomDefault' and language 'Default'.


Package fontspec Info: Could not resolve font "Fontin Italic/B" (it probably
(fontspec)             doesn't exist).


Package fontspec Warning: OpenType feature 'Ligatures=Common' (liga) not
(fontspec)                available for font 'Fontin' with script
(fontspec)                'CustomDefault' and language 'Default'.


Package fontspec Warning: OpenType feature 'Ligatures=Common' (liga) not
(fontspec)                available for font 'Fontin Bold' with script
(fontspec)                'CustomDefault' and language 'Default'.


Package fontspec Warning: OpenType feature 'Ligatures=Common' (liga) not
(fontspec)                available for font 'Fontin Italic' with script
(fontspec)                'CustomDefault' and language 'Default'.


Package fontspec Warning: OpenType feature 'Ligatures=Common' (liga) not
(fontspec)                available for font 'Fontin Bold/I' with script
(fontspec)                'CustomDefault' and language 'Default'.


Package fontspec Info: Font family 'Fontin(0)' created for font 'Fontin' with
(fontspec)             options
(fontspec)             [Mapping=tex-text,Ligatures=TeX,Ligatures={Common},BoldFont={Fontin
(fontspec)             Bold},ItalicFont={Fontin Italic}].
(fontspec)              
(fontspec)              This font family consists of the following NFSS
(fontspec)             series/shapes:
(fontspec)              
(fontspec)             - 'normal' (m/n) with NFSS spec.:
(fontspec)             <->"Fontin/OT:language=dflt;mapping=tex-text;"
(fontspec)             - 'small caps'  (m/sc) with NFSS spec.: 
(fontspec)             - 'bold' (b/n) with NFSS spec.: <->"Fontin
(fontspec)             Bold/OT:language=dflt;mapping=tex-text;"
(fontspec)             - 'bold small caps'  (b/sc) with NFSS spec.: 
(fontspec)             - 'italic' (m/it) with NFSS spec.: <->"Fontin
(fontspec)             Italic/OT:language=dflt;mapping=tex-text;"
(fontspec)             - 'italic small caps'  (m/scit) with NFSS spec.: 
(fontspec)             - 'bold italic' (b/it) with NFSS spec.: <->"Fontin
(fontspec)             Bold/I/OT:language=dflt;mapping=tex-text;"
(fontspec)             - 'bold italic small caps'  (b/scit) with NFSS spec.: 


Package fontspec Info: Font family 'FontinSans(0)' created for font 'Fontin
(fontspec)             Sans' with options
(fontspec)             [Mapping=tex-text,Ligatures=TeX,Ligatures={Common},BoldFont={Fontin
(fontspec)             Sans Bold},ItalicFont={Fontin Sans Italic}].
(fontspec)              
(fontspec)              This font family consists of the following NFSS
(fontspec)             series/shapes:
(fontspec)              
(fontspec)             - 'normal' (m/n) with NFSS spec.: <->"Fontin
(fontspec)             Sans/OT:script=latn;language=dflt;+liga;mapping=tex-text;"
(fontspec)             - 'small caps'  (m/sc) with NFSS spec.: 
(fontspec)             - 'bold' (b/n) with NFSS spec.: <->"Fontin Sans
(fontspec)             Bold/OT:script=latn;language=dflt;+liga;mapping=tex-text;"
(fontspec)             - 'bold small caps'  (b/sc) with NFSS spec.: 
(fontspec)             - 'italic' (m/it) with NFSS spec.: <->"Fontin Sans
(fontspec)             Italic/OT:script=latn;language=dflt;+liga;mapping=tex-text;"
(fontspec)             - 'italic small caps'  (m/scit) with NFSS spec.: 
(fontspec)             - 'bold italic' (b/it) with NFSS spec.: <->"Fontin Sans
(fontspec)             Italic/B/OT:script=latn;language=dflt;+liga;mapping=tex-text;"
(fontspec)             - 'bold italic small caps'  (b/scit) with NFSS spec.: 


Package fontspec Info: Could not resolve font "Monaco/BI" (it probably doesn't
(fontspec)             exist).


Package fontspec Info: Could not resolve font "Monaco/B" (it probably doesn't
(fontspec)             exist).


Package fontspec Info: Could not resolve font "Monaco/I" (it probably doesn't
(fontspec)             exist).


Package fontspec Info: Font family 'Monaco(0)' created for font 'Monaco' with
(fontspec)             options
(fontspec)             [Mapping=tex-text,WordSpace={1,0,0},HyphenChar=None,PunctuationSpace=WordSpace,Scale=0.8].
(fontspec)              
(fontspec)              This font family consists of the following NFSS
(fontspec)             series/shapes:
(fontspec)              
(fontspec)             - 'normal' (m/n) with NFSS spec.:
(fontspec)             <->s*[0.8]"Monaco/AAT:mapping=tex-text;"
(fontspec)             - 'small caps'  (m/sc) with NFSS spec.: 
(fontspec)             and font adjustment code:
(fontspec)             \fontdimen 2\font =1\fontdimen 2\font \fontdimen 3\font
(fontspec)             =0\fontdimen 3\font \fontdimen 4\font =0\fontdimen
(fontspec)             4\font \fontdimen 7\font =0\fontdimen 2\font
(fontspec)             \tex_hyphenchar:D \font =-1\scan_stop: 

(/usr/local/texlive/2021/texmf-dist/tex/latex/marginnote/marginnote.sty
Package: marginnote 2018/08/09 v1.4b non floating margin notes for LaTeX
\c@mn@abspage=\count272
) (/usr/local/texlive/2021/texmf-dist/tex/latex/sectsty/sectsty.sty
Package: sectsty 2002/02/25 v2.0.2 Commands to change all sectional heading styles


LaTeX Warning: Command \underbar  has changed.
               Check if current package is valid.


LaTeX Warning: Command \underline  has changed.
               Check if current package is valid.

) (/usr/local/texlive/2021/texmf-dist/tex/generic/ulem/ulem.sty
\UL@box=\box52
\UL@hyphenbox=\box53
\UL@skip=\skip49
\UL@hook=\toks22
\UL@height=\dimen154
\UL@pe=\count273
\UL@pixel=\dimen155
\ULC@box=\box54
Package: ulem 2019/11/18
\ULdepth=\dimen156
) (/usr/local/texlive/2021/texmf-dist/tex/latex/hyperref/hyperref.sty
Package: hyperref 2021-02-27 v7.00k Hypertext links for LaTeX
 (/usr/local/texlive/2021/texmf-dist/tex/generic/ltxcmds/ltxcmds.sty
Package: ltxcmds 2020-05-10 v1.25 LaTeX kernel commands for general use (HO)
) (/usr/local/texlive/2021/texmf-dist/tex/generic/pdftexcmds/pdftexcmds.sty
Package: pdftexcmds 2020-06-27 v0.33 Utility functions of pdfTeX for LuaTeX (HO)
 (/usr/local/texlive/2021/texmf-dist/tex/generic/infwarerr/infwarerr.sty
Package: infwarerr 2019/12/03 v1.5 Providing info/warning/error messages (HO)
)
Package pdftexcmds Info: \pdf@primitive is available.
Package pdftexcmds Info: \pdf@ifprimitive is available.
Package pdftexcmds Info: \pdfdraftmode not found.
) (/usr/local/texlive/2021/texmf-dist/tex/generic/kvsetkeys/kvsetkeys.sty
Package: kvsetkeys 2019/12/15 v1.18 Key value parser (HO)
) (/usr/local/texlive/2021/texmf-dist/tex/generic/kvdefinekeys/kvdefinekeys.sty
Package: kvdefinekeys 2019-12-19 v1.6 Define keys (HO)
) (/usr/local/texlive/2021/texmf-dist/tex/generic/pdfescape/pdfescape.sty
Package: pdfescape 2019/12/09 v1.15 Implements pdfTeX's escape features (HO)
) (/usr/local/texlive/2021/texmf-dist/tex/latex/hycolor/hycolor.sty
Package: hycolor 2020-01-27 v1.10 Color options for hyperref/bookmark (HO)
) (/usr/local/texlive/2021/texmf-dist/tex/latex/letltxmacro/letltxmacro.sty
Package: letltxmacro 2019/12/03 v1.6 Let assignment for LaTeX macros (HO)
) (/usr/local/texlive/2021/texmf-dist/tex/latex/auxhook/auxhook.sty
Package: auxhook 2019-12-17 v1.6 Hooks for auxiliary files (HO)
) (/usr/local/texlive/2021/texmf-dist/tex/latex/kvoptions/kvoptions.sty
Package: kvoptions 2020-10-07 v3.14 Key value format for package options (HO)
)
\@linkdim=\dimen157
\Hy@linkcounter=\count274
\Hy@pagecounter=\count275
 (/usr/local/texlive/2021/texmf-dist/tex/latex/hyperref/pd1enc.def
File: pd1enc.def 2021-02-27 v7.00k Hyperref: PDFDocEncoding definition (HO)
) (/usr/local/texlive/2021/texmf-dist/tex/latex/hyperref/hyperref-langpatches.def
File: hyperref-langpatches.def 2021-02-27 v7.00k Hyperref: patches for babel languages
) (/usr/local/texlive/2021/texmf-dist/tex/generic/intcalc/intcalc.sty
Package: intcalc 2019/12/15 v1.3 Expandable calculations with integers (HO)
) (/usr/local/texlive/2021/texmf-dist/tex/generic/etexcmds/etexcmds.sty
Package: etexcmds 2019/12/15 v1.7 Avoid name clashes with e-TeX commands (HO)
)
\Hy@SavedSpaceFactor=\count276
 (/usr/local/texlive/2021/texmf-dist/tex/latex/hyperref/puenc.def
File: puenc.def 2021-02-27 v7.00k Hyperref: PDF Unicode definition (HO)
 (/usr/local/texlive/2021/texmf-dist/tex/latex/hyperref/puenc-greekbasic.def
File: puenc-greekbasic.def 2021-02-27 v7.00k Hyperref: PDF Unicode definition (greek block) (HO)
))
Package hyperref Info: Option `bookmarks' set `true' on input line 4073.
Package hyperref Info: Option `colorlinks' set `true' on input line 4073.
Package hyperref Info: Option `breaklinks' set `true' on input line 4073.
Package hyperref Info: Hyper figures OFF on input line 4192.
Package hyperref Info: Link nesting OFF on input line 4197.
Package hyperref Info: Hyper index ON on input line 4200.
Package hyperref Info: Plain pages OFF on input line 4207.
Package hyperref Info: Backreferencing OFF on input line 4212.
Package hyperref Info: Implicit mode ON; LaTeX internals redefined.
Package hyperref Info: Bookmarks ON on input line 4445.
\c@Hy@tempcnt=\count277
 (/usr/local/texlive/2021/texmf-dist/tex/latex/url/url.sty
\Urlmuskip=\muskip16
Package: url 2013/09/16  ver 3.4  Verb mode for urls, etc.
)
LaTeX Info: Redefining \url on input line 4804.
\XeTeXLinkMargin=\dimen158
 (/usr/local/texlive/2021/texmf-dist/tex/generic/bitset/bitset.sty
Package: bitset 2019/12/09 v1.3 Handle bit-vector datatype (HO)
 (/usr/local/texlive/2021/texmf-dist/tex/generic/bigintcalc/bigintcalc.sty
Package: bigintcalc 2019/12/15 v1.5 Expandable calculations on big integers (HO)
))
\Fld@menulength=\count278
\Field@Width=\dimen159
\Fld@charsize=\dimen160
Package hyperref Info: Hyper figures OFF on input line 6075.
Package hyperref Info: Link nesting OFF on input line 6080.
Package hyperref Info: Hyper index ON on input line 6083.
Package hyperref Info: backreferencing OFF on input line 6090.
Package hyperref Info: Link coloring ON on input line 6093.
Package hyperref Info: Link coloring with OCG OFF on input line 6100.
Package hyperref Info: PDF/A mode OFF on input line 6105.
LaTeX Info: Redefining \ref on input line 6145.
LaTeX Info: Redefining \pageref on input line 6149.
 (/usr/local/texlive/2021/texmf-dist/tex/latex/base/atbegshi-ltx.sty
Package: atbegshi-ltx 2020/08/17 v1.0a Emulation of the original atbegshi package
with kernel methods
)
\Hy@abspage=\count279
\c@Item=\count280
\c@Hfootnote=\count281
)
Package hyperref Info: Driver: hxetex.
 (/usr/local/texlive/2021/texmf-dist/tex/latex/hyperref/hxetex.def
File: hxetex.def 2021-02-27 v7.00k Hyperref driver for XeTeX
 (/usr/local/texlive/2021/texmf-dist/tex/generic/stringenc/stringenc.sty
Package: stringenc 2019/11/29 v1.12 Convert strings between diff. encodings (HO)
)
\pdfm@box=\box55
\c@Hy@AnnotLevel=\count282
\HyField@AnnotCount=\count283
\Fld@listcount=\count284
\c@bookmark@seq@number=\count285
 (/usr/local/texlive/2021/texmf-dist/tex/latex/rerunfilecheck/rerunfilecheck.sty
Package: rerunfilecheck 2019/12/05 v1.9 Rerun checks for auxiliary files (HO)
 (/usr/local/texlive/2021/texmf-dist/tex/latex/base/atveryend-ltx.sty
Package: atveryend-ltx 2020/08/19 v1.0a Emulation of the original atvery package
with kernel methods
) (/usr/local/texlive/2021/texmf-dist/tex/generic/uniquecounter/uniquecounter.sty
Package: uniquecounter 2019/12/15 v1.4 Provide unlimited unique counter (HO)
)
Package uniquecounter Info: New unique counter `rerunfilecheck' on input line 286.
)
\Hy@SectionHShift=\skip50
) (/Users/sagar/website/research/CV/CV.aux)
\openout1 = `CV.aux'.

LaTeX Font Info:    Checking defaults for OML/cmm/m/it on input line 55.
LaTeX Font Info:    ... okay on input line 55.
LaTeX Font Info:    Checking defaults for OMS/cmsy/m/n on input line 55.
LaTeX Font Info:    ... okay on input line 55.
LaTeX Font Info:    Checking defaults for OT1/cmr/m/n on input line 55.
LaTeX Font Info:    ... okay on input line 55.
LaTeX Font Info:    Checking defaults for T1/cmr/m/n on input line 55.
LaTeX Font Info:    ... okay on input line 55.
LaTeX Font Info:    Checking defaults for TS1/cmr/m/n on input line 55.
LaTeX Font Info:    Trying to load font information for TS1+cmr on input line 55.
 (/usr/local/texlive/2021/texmf-dist/tex/latex/base/ts1cmr.fd
File: ts1cmr.fd 2019/12/16 v2.5j Standard LaTeX font definitions
)
LaTeX Font Info:    ... okay on input line 55.
LaTeX Font Info:    Checking defaults for TU/lmr/m/n on input line 55.
LaTeX Font Info:    ... okay on input line 55.
LaTeX Font Info:    Checking defaults for OMX/cmex/m/n on input line 55.
LaTeX Font Info:    ... okay on input line 55.
LaTeX Font Info:    Checking defaults for U/cmr/m/n on input line 55.
LaTeX Font Info:    ... okay on input line 55.
LaTeX Font Info:    Checking defaults for T3/cmr/m/n on input line 55.
LaTeX Font Info:    Trying to load font information for T3+cmr on input line 55.
 (/usr/local/texlive/2021/texmf-dist/tex/latex/tipa/t3cmr.fd
File: t3cmr.fd 2001/12/31 TIPA font definitions
)
LaTeX Font Info:    ... okay on input line 55.
LaTeX Font Info:    Checking defaults for PD1/pdf/m/n on input line 55.
LaTeX Font Info:    ... okay on input line 55.
LaTeX Font Info:    Checking defaults for PU/pdf/m/n on input line 55.
LaTeX Font Info:    ... okay on input line 55.

Package fontspec Info: Adjusting the maths setup (use [no-math] to avoid
(fontspec)             this).

\symlegacymaths=\mathgroup4
LaTeX Font Info:    Overwriting symbol font `legacymaths' in version `bold'
(Font)                  OT1/cmr/m/n --> OT1/cmr/bx/n on input line 55.
LaTeX Font Info:    Redeclaring math accent \acute on input line 55.
LaTeX Font Info:    Redeclaring math accent \grave on input line 55.
LaTeX Font Info:    Redeclaring math accent \ddot on input line 55.
LaTeX Font Info:    Redeclaring math accent \tilde on input line 55.
LaTeX Font Info:    Redeclaring math accent \bar on input line 55.
LaTeX Font Info:    Redeclaring math accent \breve on input line 55.
LaTeX Font Info:    Redeclaring math accent \check on input line 55.
LaTeX Font Info:    Redeclaring math accent \hat on input line 55.
LaTeX Font Info:    Redeclaring math accent \dot on input line 55.
LaTeX Font Info:    Redeclaring math accent \mathring on input line 55.
LaTeX Font Info:    Redeclaring math symbol \colon on input line 55.
LaTeX Font Info:    Redeclaring math symbol \Gamma on input line 55.
LaTeX Font Info:    Redeclaring math symbol \Delta on input line 55.
LaTeX Font Info:    Redeclaring math symbol \Theta on input line 55.
LaTeX Font Info:    Redeclaring math symbol \Lambda on input line 55.
LaTeX Font Info:    Redeclaring math symbol \Xi on input line 55.
LaTeX Font Info:    Redeclaring math symbol \Pi on input line 55.
LaTeX Font Info:    Redeclaring math symbol \Sigma on input line 55.
LaTeX Font Info:    Redeclaring math symbol \Upsilon on input line 55.
LaTeX Font Info:    Redeclaring math symbol \Phi on input line 55.
LaTeX Font Info:    Redeclaring math symbol \Psi on input line 55.
LaTeX Font Info:    Redeclaring math symbol \Omega on input line 55.
LaTeX Font Info:    Redeclaring math symbol \mathdollar on input line 55.
LaTeX Font Info:    Redeclaring symbol font `operators' on input line 55.
LaTeX Font Info:    Encoding `OT1' has changed to `TU' for symbol font
(Font)              `operators' in the math version `normal' on input line 55.
LaTeX Font Info:    Overwriting symbol font `operators' in version `normal'
(Font)                  OT1/cmr/m/n --> TU/Fontin(0)/m/n on input line 55.
LaTeX Font Info:    Encoding `OT1' has changed to `TU' for symbol font
(Font)              `operators' in the math version `bold' on input line 55.
LaTeX Font Info:    Overwriting symbol font `operators' in version `bold'
(Font)                  OT1/cmr/bx/n --> TU/Fontin(0)/m/n on input line 55.
LaTeX Font Info:    Overwriting symbol font `operators' in version `normal'
(Font)                  TU/Fontin(0)/m/n --> TU/Fontin(0)/m/n on input line 55.
LaTeX Font Info:    Overwriting math alphabet `\mathit' in version `normal'
(Font)                  OT1/cmr/m/it --> TU/Fontin(0)/m/it on input line 55.
LaTeX Font Info:    Overwriting math alphabet `\mathbf' in version `normal'
(Font)                  OT1/cmr/bx/n --> TU/Fontin(0)/b/n on input line 55.
LaTeX Font Info:    Overwriting math alphabet `\mathsf' in version `normal'
(Font)                  OT1/cmss/m/n --> TU/FontinSans(0)/m/n on input line 55.
LaTeX Font Info:    Overwriting math alphabet `\mathtt' in version `normal'
(Font)                  OT1/cmtt/m/n --> TU/Monaco(0)/m/n on input line 55.
LaTeX Font Info:    Overwriting symbol font `operators' in version `bold'
(Font)                  TU/Fontin(0)/m/n --> TU/Fontin(0)/b/n on input line 55.
LaTeX Font Info:    Overwriting math alphabet `\mathit' in version `bold'
(Font)                  OT1/cmr/bx/it --> TU/Fontin(0)/b/it on input line 55.
LaTeX Font Info:    Overwriting math alphabet `\mathsf' in version `bold'
(Font)                  OT1/cmss/bx/n --> TU/FontinSans(0)/b/n on input line 55.
LaTeX Font Info:    Overwriting math alphabet `\mathtt' in version `bold'
(Font)                  OT1/cmtt/m/n --> TU/Monaco(0)/b/n on input line 55.
Package lastpage Info: Please have a look at the pageslts package at
(lastpage)             https://www.ctan.org/pkg/pageslts
(lastpage)             ! on input line 55.

*geometry* driver: auto-detecting
*geometry* detected driver: xetex
*geometry* verbose mode - [ preamble ] result:
* driver: xetex
* paper: a4paper
* layout: <same size as paper>
* layoutoffset:(h,v)=(0.0pt,0.0pt)
* modes: 
* h-part:(L,W,R)=(100.01144pt, 397.48499pt, 100.01144pt)
* v-part:(T,H,B)=(92.30072pt, 614.295pt, 138.45113pt)
* \paperwidth=597.50787pt
* \paperheight=845.04684pt
* \textwidth=397.48499pt
* \textheight=614.295pt
* \oddsidemargin=27.74146pt
* \evensidemargin=27.74146pt
* \topmargin=-16.96927pt
* \headheight=12.0pt
* \headsep=25.0pt
* \topskip=10.0pt
* \footskip=30.0pt
* \marginparwidth=43.36243pt
* \marginparsep=7.0pt
* \columnsep=10.0pt
* \skip\footins=9.0pt plus 4.0pt minus 2.0pt
* \hoffset=0.0pt
* \voffset=0.0pt
* \mag=1000
* \@twocolumnfalse
* \@twosidefalse
* \@mparswitchfalse
* \@reversemargintrue
* (1in=72.27pt=25.4mm, 1cm=28.453pt)

(/usr/local/texlive/2021/texmf-dist/tex/latex/graphics/color.sty
Package: color 2020/02/24 v1.2b Standard LaTeX Color (DPC)
 (/usr/local/texlive/2021/texmf-dist/tex/latex/graphics-cfg/color.cfg
File: color.cfg 2016/01/02 v1.6 sample color configuration
)
Package color Info: Driver file: xetex.def on input line 147.
)
Package hyperref Info: Link coloring ON on input line 55.
 (/usr/local/texlive/2021/texmf-dist/tex/latex/hyperref/nameref.sty
Package: nameref 2021-04-02 v2.47 Cross-referencing by name of section
 (/usr/local/texlive/2021/texmf-dist/tex/latex/refcount/refcount.sty
Package: refcount 2019/12/15 v3.6 Data extraction from label references (HO)
) (/usr/local/texlive/2021/texmf-dist/tex/generic/gettitlestring/gettitlestring.sty
Package: gettitlestring 2019/12/15 v1.6 Cleanup title references (HO)
)
\c@section@level=\count286
)
LaTeX Info: Redefining \ref on input line 55.
LaTeX Info: Redefining \pageref on input line 55.
LaTeX Info: Redefining \nameref on input line 55.
 (/Users/sagar/website/research/CV/CV.out) (/Users/sagar/website/research/CV/CV.out)
\@outlinefile=\write3
\openout3 = `CV.out'.


Underfull \hbox (badness 10000) in paragraph at lines 56--61

 []


LaTeX Font Warning: Font shape `TU/Fontin(0)/m/sc' undefined
(Font)              using `TU/Fontin(0)/m/n' instead on input line 64.

Package marginnote Info: Margin note 1.1 is on absolute page 1 on input line 76.
Package marginnote Info: right page because not two side mode on input line 76.
Package marginnote Info: xpos seems to be 100.01144pt on input line 76.

LaTeX Font Warning: Font shape `TU/Fontin(0)/b/sc' undefined
(Font)              using `TU/Fontin(0)/b/n' instead on input line 76.

Package marginnote Info: Margin note 1.2 is on absolute page 1 on input line 89.
Package marginnote Info: right page because not two side mode on input line 89.
Package marginnote Info: xpos seems to be 100.01144pt on input line 89.

Underfull \hbox (badness 10000) in paragraph at lines 89--96

 []

Package marginnote Info: Margin note 1.3 is on absolute page 1 on input line 107.
Package marginnote Info: right page because not two side mode on input line 107.
Package marginnote Info: xpos seems to be 100.01144pt on input line 107.

Underfull \hbox (badness 10000) in paragraph at lines 107--112

 []

Package marginnote Info: Margin note 1.4 is on absolute page 1 on input line 113.
Package marginnote Info: right page because not two side mode on input line 113.
Package marginnote Info: xpos seems to be 100.01144pt on input line 113.
LaTeX Font Info:    External font `cmex10' loaded for size
(Font)              <14.4> on input line 133.
LaTeX Font Info:    External font `cmex10' loaded for size
(Font)              <7> on input line 133.
LaTeX Font Info:    External font `cmex10' loaded for size
(Font)              <8> on input line 133.
LaTeX Font Info:    External font `cmex10' loaded for size
(Font)              <6> on input line 133.
LaTeX Font Info:    External font `cmex10' loaded for size
(Font)              <5> on input line 133.
Package marginnote Info: Margin note 1.5 is on absolute page 1 on input line 137.
Package marginnote Info: right page because not two side mode on input line 137.
Package marginnote Info: xpos seems to be 100.01144pt on input line 137.

Underfull \hbox (badness 10000) in paragraph at lines 137--141

 []

[1

]
Package marginnote Info: Margin note 2.1 is on absolute page 2 on input line 143.
Package marginnote Info: right page because not two side mode on input line 143.
Package marginnote Info: xpos seems to be 100.01144pt on input line 143.

Overfull \hbox (3.35507pt too wide) in paragraph at lines 143--147
\TU/Fontin(0)/m/it/10 Machine Learning and Knowledge Discovery in Databases. Research Track - European Conference,
 []


Underfull \hbox (badness 10000) in paragraph at lines 143--147

 []

Package marginnote Info: Margin note 2.2 is on absolute page 2 on input line 148.
Package marginnote Info: right page because not two side mode on input line 148.
Package marginnote Info: xpos seems to be 100.01144pt on input line 148.

Underfull \hbox (badness 10000) in paragraph at lines 148--152

 []

Package marginnote Info: Margin note 2.3 is on absolute page 2 on input line 153.
Package marginnote Info: right page because not two side mode on input line 153.
Package marginnote Info: xpos seems to be 100.01144pt on input line 153.

Underfull \hbox (badness 10000) in paragraph at lines 153--156

 []

Package marginnote Info: Margin note 2.4 is on absolute page 2 on input line 158.
Package marginnote Info: right page because not two side mode on input line 158.
Package marginnote Info: xpos seems to be 100.01144pt on input line 158.

Overfull \hbox (3.35507pt too wide) in paragraph at lines 158--162
\TU/Fontin(0)/m/it/10 Machine Learning and Knowledge Discovery in Databases. Research Track - European Conference,
 []


Underfull \hbox (badness 10000) in paragraph at lines 158--162

 []

Package marginnote Info: Margin note 2.5 is on absolute page 2 on input line 163.
Package marginnote Info: right page because not two side mode on input line 163.
Package marginnote Info: xpos seems to be 100.01144pt on input line 163.

Underfull \hbox (badness 10000) in paragraph at lines 163--167

 []

Package marginnote Info: Margin note 2.6 is on absolute page 2 on input line 168.
Package marginnote Info: right page because not two side mode on input line 168.
Package marginnote Info: xpos seems to be 100.01144pt on input line 168.
Package marginnote Info: Margin note 2.7 is on absolute page 2 on input line 176.
Package marginnote Info: right page because not two side mode on input line 176.
Package marginnote Info: xpos seems to be 100.01144pt on input line 176.

Underfull \hbox (badness 10000) in paragraph at lines 176--180

 []

Package marginnote Info: Margin note 2.8 is on absolute page 2 on input line 181.
Package marginnote Info: right page because not two side mode on input line 181.
Package marginnote Info: xpos seems to be 100.01144pt on input line 181.

Underfull \hbox (badness 10000) in paragraph at lines 181--185

 []


Underfull \hbox (badness 10000) in paragraph at lines 181--185

 []

Package marginnote Info: Margin note 2.9 is on absolute page 3 on input line 186.
Package marginnote Info: right page because not two side mode on input line 186.
Package marginnote Info: xpos seems to be 100.01144pt on input line 186.
Package marginnote Info: Margin note 2.10 is on absolute page 3 on input line 189.
Package marginnote Info: right page because not two side mode on input line 189.
Package marginnote Info: xpos seems to be 100.01144pt on input line 189.
Package marginnote Info: Margin note 2.11 is on absolute page 3 on input line 195.
Package marginnote Info: right page because not two side mode on input line 195.
Package marginnote Info: xpos seems to be 100.01144pt on input line 195.
Package marginnote Info: Margin note 2.12 is on absolute page 3 on input line 197.
Package marginnote Info: right page because not two side mode on input line 197.
Package marginnote Info: xpos seems to be 100.01144pt on input line 197.

Underfull \hbox (badness 10000) in paragraph at lines 186--200

 []


Underfull \hbox (badness 10000) in paragraph at lines 186--200

 []


Underfull \hbox (badness 10000) in paragraph at lines 186--200

 []

[2]
Package marginnote Info: Margin note 3.1 is on absolute page 3 on input line 208.
Package marginnote Info: right page because not two side mode on input line 208.
Package marginnote Info: xpos seems to be 100.01144pt on input line 208.
Package marginnote Info: Margin note 3.2 is on absolute page 3 on input line 212.
Package marginnote Info: right page because not two side mode on input line 212.
Package marginnote Info: xpos seems to be 100.01144pt on input line 212.

Underfull \hbox (badness 10000) in paragraph at lines 208--216

 []


Underfull \hbox (badness 10000) in paragraph at lines 208--216

 []

Package marginnote Info: Margin note 3.3 is on absolute page 3 on input line 256.
Package marginnote Info: right page because not two side mode on input line 256.
Package marginnote Info: xpos seems to be 100.01144pt on input line 256.

Underfull \hbox (badness 10000) in paragraph at lines 256--258

 []

Package marginnote Info: Margin note 3.4 is on absolute page 3 on input line 259.
Package marginnote Info: right page because not two side mode on input line 259.
Package marginnote Info: xpos seems to be 100.01144pt on input line 259.
Package marginnote Info: Margin note 3.5 is on absolute page 3 on input line 261.
Package marginnote Info: right page because not two side mode on input line 261.
Package marginnote Info: xpos seems to be 100.01144pt on input line 261.
Package marginnote Info: Margin note 3.6 is on absolute page 3 on input line 263.
Package marginnote Info: right page because not two side mode on input line 263.
Package marginnote Info: xpos seems to be 100.01144pt on input line 263.
Package marginnote Info: Margin note 3.7 is on absolute page 3 on input line 264.
Package marginnote Info: right page because not two side mode on input line 264.
Package marginnote Info: xpos seems to be 100.01144pt on input line 264.
Package marginnote Info: Margin note 3.8 is on absolute page 4 on input line 266.
Package marginnote Info: right page because not two side mode on input line 266.
Package marginnote Info: xpos seems to be 100.01144pt on input line 266.

Underfull \hbox (badness 10000) in paragraph at lines 259--268

 []


Underfull \hbox (badness 10000) in paragraph at lines 259--268

 []


Underfull \hbox (badness 10000) in paragraph at lines 259--268

 []


Underfull \hbox (badness 10000) in paragraph at lines 259--268

 []

[3]
Package marginnote Info: Margin note 4.1 is on absolute page 4 on input line 282.
Package marginnote Info: right page because not two side mode on input line 282.
Package marginnote Info: xpos seems to be 100.01144pt on input line 282.

Underfull \hbox (badness 10000) in paragraph at lines 282--284

 []

Package marginnote Info: Margin note 4.2 is on absolute page 4 on input line 285.
Package marginnote Info: right page because not two side mode on input line 285.
Package marginnote Info: xpos seems to be 100.01144pt on input line 285.
Package marginnote Info: Margin note 4.3 is on absolute page 4 on input line 289.
Package marginnote Info: right page because not two side mode on input line 289.
Package marginnote Info: xpos seems to be 100.01144pt on input line 289.

Underfull \hbox (badness 10000) in paragraph at lines 289--291

 []

Package marginnote Info: Margin note 4.4 is on absolute page 4 on input line 292.
Package marginnote Info: right page because not two side mode on input line 292.
Package marginnote Info: xpos seems to be 100.01144pt on input line 292.

Underfull \hbox (badness 10000) in paragraph at lines 292--294

 []

Package marginnote Info: Margin note 4.5 is on absolute page 4 on input line 297.
Package marginnote Info: right page because not two side mode on input line 297.
Package marginnote Info: xpos seems to be 100.01144pt on input line 297.

Underfull \hbox (badness 10000) in paragraph at lines 297--305

 []

Package marginnote Info: Margin note 4.6 is on absolute page 4 on input line 309.
Package marginnote Info: right page because not two side mode on input line 309.
Package marginnote Info: xpos seems to be 100.01144pt on input line 309.

Underfull \hbox (badness 10000) in paragraph at lines 309--311

 []

Package marginnote Info: Margin note 4.7 is on absolute page 4 on input line 312.
Package marginnote Info: right page because not two side mode on input line 312.
Package marginnote Info: xpos seems to be 100.01144pt on input line 312.

Underfull \hbox (badness 10000) in paragraph at lines 312--315

 []

Package marginnote Info: Margin note 4.8 is on absolute page 4 on input line 316.
Package marginnote Info: right page because not two side mode on input line 316.
Package marginnote Info: xpos seems to be 100.01144pt on input line 316.

Underfull \hbox (badness 10000) in paragraph at lines 316--319

 []


AED: lastpage setting LastPage
[4] (/Users/sagar/website/research/CV/CV.aux)

LaTeX Font Warning: Some font shapes were not available, defaults substituted.

Package rerunfilecheck Info: File `CV.out' has not changed.
(rerunfilecheck)             Checksum: D41D8CD98F00B204E9800998ECF8427E;0.
 ) 
Here is how much of TeX's memory you used:
 14229 strings out of 476919
 263893 string characters out of 5821839
 612878 words of memory out of 5000000
 34021 multiletter control sequences out of 15000+600000
 406896 words of font info for 71 fonts, out of 8000000 for 9000
 1348 hyphenation exceptions out of 8191
 83i,9n,96p,570b,318s stack positions out of 5000i,500n,10000p,200000b,80000s

Output written on /Users/sagar/website/research/CV/CV.xdv (4 pages, 79396 bytes).
